2015-11-18 20:27:55,879 [Worker-6] INFO  o.e.m.c.i.l.LifecycleMappingFactory - Using org.maven.ide.eclipse.wtp.WarLifecycleMapping lifecycle mapping for MavenProject: wts:myplan:0.0.1-SNAPSHOT @ /home/suranga/workspace/eclipse/GitProject/myplan/pom.xml.
2015-11-18 20:27:57,384 [Worker-6] WARN  o.e.m.c.i.embedder.EclipseLogger - The artifact jstl:jstl:jar:1.1.2 has been relocated to javax.servlet:jstl:jar:1.1.2
2015-11-18 20:28:02,063 [Worker-6] WARN  o.e.m.c.i.embedder.EclipseLogger - The artifact jstl:jstl:jar:1.1.2 has been relocated to javax.servlet:jstl:jar:1.1.2
2015-11-18 20:28:05,492 [Worker-6] WARN  o.e.m.c.i.embedder.EclipseLogger - The artifact jstl:jstl:jar:1.1.2 has been relocated to javax.servlet:jstl:jar:1.1.2
2015-11-18 20:28:05,719 [Worker-6] INFO  o.e.m.c.i.embedder.EclipseLogger - Using 'UTF-8' encoding to copy filtered resources.
2015-11-18 20:28:05,734 [Worker-6] INFO  o.e.m.c.i.embedder.EclipseLogger - Copying 3 resources
2015-11-18 20:28:05,752 [Worker-6] INFO  o.e.m.c.i.embedder.EclipseLogger - Using 'UTF-8' encoding to copy filtered resources.
2015-11-18 20:28:05,755 [Worker-6] INFO  o.e.m.c.i.embedder.EclipseLogger - Copying 4 resources
2015-11-18 20:28:37,869 [Worker-9] INFO  o.e.m.c.i.p.ProjectConfigurationManager - Update started
2015-11-18 20:28:38,172 [Worker-9] INFO  o.e.m.c.i.l.LifecycleMappingFactory - Using org.maven.ide.eclipse.wtp.WarLifecycleMapping lifecycle mapping for MavenProject: wts:myplan:0.0.1-SNAPSHOT @ /home/suranga/workspace/eclipse/GitProject/myplan/pom.xml.
2015-11-18 20:28:38,361 [Worker-9] WARN  o.e.m.c.i.embedder.EclipseLogger - The artifact jstl:jstl:jar:1.1.2 has been relocated to javax.servlet:jstl:jar:1.1.2
2015-11-18 20:28:38,402 [Worker-9] WARN  o.e.m.c.i.embedder.EclipseLogger - The artifact jstl:jstl:jar:1.1.2 has been relocated to javax.servlet:jstl:jar:1.1.2
2015-11-18 20:28:39,774 [Worker-9] WARN  o.e.m.c.i.embedder.EclipseLogger - The artifact jstl:jstl:jar:1.1.2 has been relocated to javax.servlet:jstl:jar:1.1.2
2015-11-18 20:28:39,964 [Worker-9] INFO  o.e.m.j.i.AbstractJavaProjectConfigurator - Adding source folder /myplan/src/main/java
2015-11-18 20:28:39,965 [Worker-9] INFO  o.e.m.j.i.AbstractJavaProjectConfigurator - Adding resource folder /myplan/src/main/resources
2015-11-18 20:28:39,965 [Worker-9] INFO  o.e.m.j.i.AbstractJavaProjectConfigurator - Adding source folder /myplan/src/test/java
2015-11-18 20:28:39,966 [Worker-9] INFO  o.e.m.j.i.AbstractJavaProjectConfigurator - Adding resource folder /myplan/src/test/resources
2015-11-18 20:28:40,450 [Worker-9] WARN  o.e.m.c.i.embedder.EclipseLogger - The artifact jstl:jstl:jar:1.1.2 has been relocated to javax.servlet:jstl:jar:1.1.2
2015-11-18 20:28:40,784 [Worker-9] INFO  o.e.m.w.i.f.ResourceFilteringBuildParticipant - Cleaning filtered folder for myplan
2015-11-18 20:28:40,789 [Worker-9] INFO  o.e.m.c.i.p.ProjectConfigurationManager - Update completed: 2 sec
2015-11-18 20:28:44,710 [Worker-4] WARN  o.e.m.c.i.embedder.EclipseLogger - The artifact jstl:jstl:jar:1.1.2 has been relocated to javax.servlet:jstl:jar:1.1.2
2015-11-18 20:28:44,748 [Worker-4] INFO  o.e.m.c.i.embedder.EclipseLogger - Using 'UTF-8' encoding to copy filtered resources.
2015-11-18 20:28:44,749 [Worker-4] INFO  o.e.m.c.i.embedder.EclipseLogger - Copying 3 resources
2015-11-18 20:28:44,760 [Worker-4] INFO  o.e.m.c.i.embedder.EclipseLogger - Using 'UTF-8' encoding to copy filtered resources.
2015-11-18 20:28:44,760 [Worker-4] INFO  o.e.m.c.i.embedder.EclipseLogger - Copying 4 resources
2015-11-18 20:28:44,762 [Worker-4] INFO  o.e.m.w.i.f.ResourceFilteringBuildParticipant - Changed resources require a complete clean of filtered resources of myplan
2015-11-18 20:28:44,763 [Worker-4] INFO  o.e.m.w.i.f.ResourceFilteringBuildParticipant - Executing resource filtering for myplan
2015-11-18 20:28:44,769 [Worker-4] INFO  o.e.m.c.i.embedder.EclipseLogger - Using 'UTF-8' encoding to copy filtered resources.
2015-11-18 20:29:08,700 [Worker-1] INFO  o.e.m.c.i.embedder.EclipseLogger - Using 'UTF-8' encoding to copy filtered resources.
2015-11-18 20:29:08,703 [Worker-1] INFO  o.e.m.c.i.embedder.EclipseLogger - Copying 0 resource
2015-11-18 20:29:08,704 [Worker-1] INFO  o.e.m.c.i.embedder.EclipseLogger - Using 'UTF-8' encoding to copy filtered resources.
2015-11-18 20:29:08,705 [Worker-1] INFO  o.e.m.c.i.embedder.EclipseLogger - Copying 0 resource
2015-11-18 20:29:25,905 [Worker-0] INFO  o.e.m.c.i.embedder.EclipseLogger - Using 'UTF-8' encoding to copy filtered resources.
2015-11-18 20:29:25,905 [Worker-0] INFO  o.e.m.c.i.embedder.EclipseLogger - Copying 0 resource
2015-11-18 20:29:25,907 [Worker-0] INFO  o.e.m.c.i.embedder.EclipseLogger - Using 'UTF-8' encoding to copy filtered resources.
2015-11-18 20:29:25,907 [Worker-0] INFO  o.e.m.c.i.embedder.EclipseLogger - Copying 0 resource
2015-11-18 20:30:26,352 [Worker-4] INFO  o.e.m.i.launch.MavenLaunchDelegate - /home/suranga/workspace/eclipse/GitProject/myplan
2015-11-18 20:30:26,352 [Worker-4] INFO  o.e.m.i.launch.MavenLaunchDelegate -  mvn  -B tomcat:run
